{"total": {"lines":{"total":26,"covered":24,"skipped":0,"pct":92.3},"statements":{"total":29,"covered":25,"skipped":0,"pct":86.2},"functions":{"total":10,"covered":9,"skipped":0,"pct":90},"branches":{"total":2,"covered":1,"skipped":0,"pct":50},"branchesTrue":{"total":0,"covered":0,"skipped":0,"pct":100}}
,"C:\\Users\\Laptop\\Code\\profile-migration\\profile-next\\src\\proxy.ts": {"lines":{"total":2,"covered":0,"skipped":0,"pct":0},"functions":{"total":0,"covered":0,"skipped":0,"pct":100},"statements":{"total":2,"covered":0,"skipped":0,"pct":0},"branches":{"total":0,"covered":0,"skipped":0,"pct":100}}
,"C:\\Users\\Laptop\\Code\\profile-migration\\profile-next\\src\\core\\utils.ts": {"lines":{"total":2,"covered":2,"skipped":0,"pct":100},"functions":{"total":2,"covered":2,"skipped":0,"pct":100},"statements":{"total":2,"covered":2,"skipped":0,"pct":100},"branches":{"total":0,"covered":0,"skipped":0,"pct":100}}
,"C:\\Users\\Laptop\\Code\\profile-migration\\profile-next\\src\\lib\\data.ts": {"lines":{"total":2,"covered":2,"skipped":0,"pct":100},"functions":{"total":0,"covered":0,"skipped":0,"pct":100},"statements":{"total":2,"covered":2,"skipped":0,"pct":100},"branches":{"total":0,"covered":0,"skipped":0,"pct":100}}
,"C:\\Users\\Laptop\\Code\\profile-migration\\profile-next\\src\\lib\\utils.ts": {"lines":{"total":20,"covered":20,"skipped":0,"pct":100},"functions":{"total":8,"covered":7,"skipped":0,"pct":87.5},"statements":{"total":23,"covered":21,"skipped":0,"pct":91.3},"branches":{"total":2,"covered":1,"skipped":0,"pct":50}}
}
