TN:
SF:src\proxy.ts
FNF:0
FNH:0
DA:5,0
DA:9,0
LF:2
LH:0
BRF:0
BRH:0
end_of_record
TN:
SF:src\core\utils.ts
FN:2,double
FN:6,triple
FNF:2
FNH:2
FNDA:13,double
FNDA:12,triple
DA:3,13
DA:7,12
LF:2
LH:2
BRF:0
BRH:0
end_of_record
TN:
SF:src\lib\data.ts
FNF:0
FNH:0
DA:6,2
DA:16,2
LF:2
LH:2
BRF:0
BRH:0
end_of_record
TN:
SF:src\lib\utils.ts
FN:4,cn
FN:10,cyberpunkGradients
FN:30,hexToRgba
FN:33,(anonymous_3)
FN:41,(anonymous_4)
FN:42,(anonymous_5)
FN:43,(anonymous_6)
FN:44,(anonymous_7)
FNF:8
FNH:7
FNDA:7,cn
FNDA:2,cyberpunkGradients
FNDA:972,hexToRgba
FNDA:0,(anonymous_3)
FNDA:18,(anonymous_4)
FNDA:54,(anonymous_5)
FNDA:162,(anonymous_6)
FNDA:486,(anonymous_7)
DA:1,2
DA:2,2
DA:5,7
DA:12,2
DA:26,2
DA:27,2
DA:28,2
DA:31,972
DA:32,648
DA:33,648
DA:34,648
DA:35,648
DA:40,2
DA:41,2
DA:42,18
DA:43,54
DA:44,162
DA:45,486
DA:53,2
DA:55,2
LF:20
LH:20
BRDA:31,0,0,324
BRDA:33,1,0,0
BRF:2
BRH:1
end_of_record
